shetuanbao/F_Team_Android/F_Team_Android/build/outputs/logs/manifest-merger-debug-report.txt
-- Merging decision tree log ---
manifest
ADDED from workspace\F_Team_Android\AndroidManifest.xml:2:1-259:12
	package
		ADDED from workspace\F_Team_Android\AndroidManifest.xml:4:5-31
	android:versionName
		ADDED from workspace\F_Team_Android\AndroidManifest.xml:6:5-30
		INJECTED from workspace\F_Team_Android\AndroidManifest.xml
		INJECTED from workspace\F_Team_Android\AndroidManifest.xml
	xmlns:tools
		ADDED from workspace\F_Team_Android\AndroidManifest.xml:3:5-51
	android:versionCode
		ADDED from workspace\F_Team_Android\AndroidManifest.xml:5:5-28
		INJECTED from workspace\F_Team_Android\AndroidManifest.xml
		INJECTED from workspace\F_Team_Android\AndroidManifest.xml
	xmlns:android
		ADDED from workspace\F_Team_Android\AndroidManifest.xml:2:11-69
uses-sdk
ADDED from workspace\F_Team_Android\AndroidManifest.xml:7:5-9:41
MERGED from [com.android.support:appcompat-v7:23.0.0] AndroidManifest.xml:20:5-43
MERGED from [com.android.support:support-v4:23.0.0] AndroidManifest.xml:20:5-43
MERGED from [com.android.support:gridlayout-v7:24.2.1] AndroidManifest.xml:20:5-43
MERGED from [com.android.support:support-compat:24.2.1] AndroidManifest.xml:21:5-23:58
MERGED from [com.android.support:support-core-ui:24.2.1] AndroidManifest.xml:21:5-23:58
MERGED from [F_Team_Android:IMKit:unspecified] AndroidManifest.xml:7:5-9:41
	tools:overrideLibrary
		ADDED from [com.android.support:support-compat:24.2.1] AndroidManifest.xml:23:9-55
	android:targetSdkVersion
		ADDED from workspace\F_Team_Android\AndroidManifest.xml:9:9-38
	android:minSdkVersion
		ADDED from workspace\F_Team_Android\AndroidManifest.xml:8:9-35
uses-permission#android.permission.MOUNT_UNMOUNT_FILESYSTEMS
ADDED from workspace\F_Team_Android\AndroidManifest.xml:10:5-83
	android:name
		ADDED from workspace\F_Team_Android\AndroidManifest.xml:10:22-81
uses-permission#android.permission.WRITE_EXTERNAL_STORAGE
ADDED from workspace\F_Team_Android\AndroidManifest.xml:11:5-81
MERGED from [F_Team_Android:IMKit:unspecified] AndroidManifest.xml:12:5-81
	android:name
		ADDED from workspace\F_Team_Android\AndroidManifest.xml:11:22-78
uses-permission#android.permission.INTERNET
ADDED from workspace\F_Team_Android\AndroidManifest.xml:12:5-67
MERGED from [F_Team_Android:IMKit:unspecified] AndroidManifest.xml:13:5-67
	android:name
		ADDED from workspace\F_Team_Android\AndroidManifest.xml:12:22-64
uses-permission#android.permission.ACCESS_NETWORK_STATE
ADDED from workspace\F_Team_Android\AndroidManifest.xml:13:5-79
MERGED from [F_Team_Android:IMKit:unspecified] AndroidManifest.xml:14:5-79
	android:name
		ADDED from workspace\F_Team_Android\AndroidManifest.xml:13:22-76
uses-permission#android.permission.ACCESS_COARSE_LOCATION
ADDED from workspace\F_Team_Android\AndroidManifest.xml:14:5-81
MERGED from [F_Team_Android:IMKit:unspecified] AndroidManifest.xml:15:5-81
	android:name
		ADDED from workspace\F_Team_Android\AndroidManifest.xml:14:22-78
uses-permission#android.permission.ACCESS_WIFI_STATE
ADDED from workspace\F_Team_Android\AndroidManifest.xml:15:5-76
MERGED from [F_Team_Android:IMKit:unspecified] AndroidManifest.xml:16:5-76
	android:name
		ADDED from workspace\F_Team_Android\AndroidManifest.xml:15:22-73
uses-permission#android.permission.READ_PHONE_STATE
ADDED from workspace\F_Team_Android\AndroidManifest.xml:17:5-75
MERGED from [F_Team_Android:IMKit:unspecified] AndroidManifest.xml:18:5-75
	android:name
		ADDED from workspace\F_Team_Android\AndroidManifest.xml:17:22-72
uses-permission#android.permission.RECORD_AUDIO
ADDED from workspace\F_Team_Android\AndroidManifest.xml:19:5-71
MERGED from [F_Team_Android:IMKit:unspecified] AndroidManifest.xml:21:5-71
	android:name
		ADDED from workspace\F_Team_Android\AndroidManifest.xml:19:22-68
uses-permission#android.permission.GET_TASKS
ADDED from workspace\F_Team_Android\AndroidManifest.xml:20:5-68
MERGED from [F_Team_Android:IMKit:unspecified] AndroidManifest.xml:22:5-68
	android:name
		ADDED from workspace\F_Team_Android\AndroidManifest.xml:20:22-65
uses-permission#android.permission.WAKE_LOCK
ADDED from workspace\F_Team_Android\AndroidManifest.xml:21:5-68
MERGED from [F_Team_Android:IMKit:unspecified] AndroidManifest.xml:23:5-68
	android:name
		ADDED from workspace\F_Team_Android\AndroidManifest.xml:21:22-65
uses-permission#android.permission.MODIFY_AUDIO_SETTINGS
ADDED from workspace\F_Team_Android\AndroidManifest.xml:22:5-80
MERGED from [F_Team_Android:IMKit:unspecified] AndroidManifest.xml:24:5-80
	android:name
		ADDED from workspace\F_Team_Android\AndroidManifest.xml:22:22-77
uses-permission#android.permission.VIBRATE
ADDED from workspace\F_Team_Android\AndroidManifest.xml:23:5-66
MERGED from [F_Team_Android:IMKit:unspecified] AndroidManifest.xml:25:5-66
	android:name
		ADDED from workspace\F_Team_Android\AndroidManifest.xml:23:22-63
uses-permission#android.permission.CAMERA
ADDED from workspace\F_Team_Android\AndroidManifest.xml:24:5-65
MERGED from [F_Team_Android:IMKit:unspecified] AndroidManifest.xml:26:5-65
	android:name
		ADDED from workspace\F_Team_Android\AndroidManifest.xml:24:22-62
uses-permission#android.permission.WRITE_SETTINGS
ADDED from workspace\F_Team_Android\AndroidManifest.xml:25:5-73
MERGED from [F_Team_Android:IMKit:unspecified] AndroidManifest.xml:27:5-73
	android:name
		ADDED from workspace\F_Team_Android\AndroidManifest.xml:25:22-70
uses-permission#android.permission.INTERACT_ACROSS_USERS_FULL
ADDED from workspace\F_Team_Android\AndroidManifest.xml:26:5-85
MERGED from [F_Team_Android:IMKit:unspecified] AndroidManifest.xml:28:5-85
	android:name
		ADDED from workspace\F_Team_Android\AndroidManifest.xml:26:22-82
uses-permission#android.permission.RECEIVE_BOOT_COMPLETED
ADDED from workspace\F_Team_Android\AndroidManifest.xml:27:5-81
	android:name
		ADDED from workspace\F_Team_Android\AndroidManifest.xml:27:22-78
application
ADDED from workspace\F_Team_Android\AndroidManifest.xml:28:5-258:19
MERGED from [com.android.support:appcompat-v7:23.0.0] AndroidManifest.xml:22:5-20
MERGED from [com.android.support:support-v4:23.0.0] AndroidManifest.xml:22:5-20
MERGED from [com.android.support:gridlayout-v7:24.2.1] AndroidManifest.xml:22:5-20
MERGED from [com.android.support:support-compat:24.2.1] AndroidManifest.xml:25:5-20
MERGED from [com.android.support:support-core-ui:24.2.1] AndroidManifest.xml:25:5-20
MERGED from [F_Team_Android:IMKit:unspecified] AndroidManifest.xml:32:5-130:19
	android:label
		ADDED from workspace\F_Team_Android\AndroidManifest.xml:33:9-41
	android:allowBackup
		ADDED from workspace\F_Team_Android\AndroidManifest.xml:30:9-35
	android:icon
		ADDED from workspace\F_Team_Android\AndroidManifest.xml:31:9-44
	android:theme
		ADDED from workspace\F_Team_Android\AndroidManifest.xml:34:9-40
	tools:replace
		ADDED from workspace\F_Team_Android\AndroidManifest.xml:35:9-52
	android:name
		ADDED from workspace\F_Team_Android\AndroidManifest.xml:29:9-41
activity#com.bn.login.LoadActivity
ADDED from workspace\F_Team_Android\AndroidManifest.xml:36:9-45:20
	android:label
		ADDED from workspace\F_Team_Android\AndroidManifest.xml:38:13-45
	android:theme
		ADDED from workspace\F_Team_Android\AndroidManifest.xml:39:13-61
	android:name
		ADDED from workspace\F_Team_Android\AndroidManifest.xml:37:13-53
intent-filter#android.intent.action.MAIN+android.intent.category.LAUNCHER
ADDED from workspace\F_Team_Android\AndroidManifest.xml:40:13-44:29
action#android.intent.action.MAIN
ADDED from workspace\F_Team_Android\AndroidManifest.xml:41:17-69
	android:name
		ADDED from workspace\F_Team_Android\AndroidManifest.xml:41:25-66
category#android.intent.category.LAUNCHER
ADDED from workspace\F_Team_Android\AndroidManifest.xml:43:17-77
	android:name
		ADDED from workspace\F_Team_Android\AndroidManifest.xml:43:27-74
activity#io.rong.imkit.activity.PictureSelectorActivity
ADDED from workspace\F_Team_Android\AndroidManifest.xml:46:9-48:52
MERGED from [F_Team_Android:IMKit:unspecified] AndroidManifest.xml:33:9-35:52
	android:screenOrientation
		ADDED from workspace\F_Team_Android\AndroidManifest.xml:48:13-49
	android:name
		ADDED from workspace\F_Team_Android\AndroidManifest.xml:47:13-74
activity#io.rong.imkit.activity.PicturePreviewActivity
ADDED from workspace\F_Team_Android\AndroidManifest.xml:50:9-52:52
MERGED from [F_Team_Android:IMKit:unspecified] AndroidManifest.xml:36:9-38:52
	android:screenOrientation
		ADDED from workspace\F_Team_Android\AndroidManifest.xml:52:13-49
	android:name
		ADDED from workspace\F_Team_Android\AndroidManifest.xml:51:13-73
activity#io.rong.imkit.activity.PicturePagerActivity
ADDED from workspace\F_Team_Android\AndroidManifest.xml:54:9-56:73
MERGED from [F_Team_Android:IMKit:unspecified] AndroidManifest.xml:65:9-67:74
	android:theme
		ADDED from workspace\F_Team_Android\AndroidManifest.xml:56:13-71
	android:name
		ADDED from workspace\F_Team_Android\AndroidManifest.xml:55:13-71
activity#io.rong.imkit.mention.MemberMentionedActivity
ADDED from workspace\F_Team_Android\AndroidManifest.xml:59:9-62:65
MERGED from [F_Team_Android:IMKit:unspecified] AndroidManifest.xml:68:9-71:67
	android:windowSoftInputMode
		ADDED from workspace\F_Team_Android\AndroidManifest.xml:61:13-64
	android:configChanges
		ADDED from workspace\F_Team_Android\AndroidManifest.xml:62:13-63
	android:name
		ADDED from workspace\F_Team_Android\AndroidManifest.xml:60:13-73
activity#com.example.Team_Android.MainSocialActivity
ADDED from workspace\F_Team_Android\AndroidManifest.xml:63:9-79
	android:name
		ADDED from workspace\F_Team_Android\AndroidManifest.xml:63:19-77
activity#com.bn.chat.lianxiren_message
ADDED from workspace\F_Team_Android\AndroidManifest.xml:64:9-65
	android:name
		ADDED from workspace\F_Team_Android\AndroidManifest.xml:64:19-63
activity#com.bn.chat.sousuolianxiren
ADDED from workspace\F_Team_Android\AndroidManifest.xml:65:9-63
	android:name
		ADDED from workspace\F_Team_Android\AndroidManifest.xml:65:19-61
activity#com.bn.login.LoginActivity
ADDED from workspace\F_Team_Android\AndroidManifest.xml:66:9-62
	android:name
		ADDED from workspace\F_Team_Android\AndroidManifest.xml:66:19-60
activity#com.bn.login.registerActivity
ADDED from workspace\F_Team_Android\AndroidManifest.xml:67:9-65
	android:name
		ADDED from workspace\F_Team_Android\AndroidManifest.xml:67:19-63
activity#com.example.picture.MultiImageSelectorActivity
ADDED from workspace\F_Team_Android\AndroidManifest.xml:68:9-82
	android:name
		ADDED from workspace\F_Team_Android\AndroidManifest.xml:68:19-80
activity#com.example.picture.PreviewActivity
ADDED from workspace\F_Team_Android\AndroidManifest.xml:69:9-72
	android:name
		ADDED from workspace\F_Team_Android\AndroidManifest.xml:69:19-69
activity#com.example.chat.activity.PhotoActivity
ADDED from workspace\F_Team_Android\AndroidManifest.xml:70:9-76
	android:name
		ADDED from workspace\F_Team_Android\AndroidManifest.xml:70:19-73
activity#com.example.Team_Android.MainFrame
ADDED from workspace\F_Team_Android\AndroidManifest.xml:74:9-78:20
	android:launchMode
		ADDED from workspace\F_Team_Android\AndroidManifest.xml:77:16-47
	android:windowSoftInputMode
		ADDED from workspace\F_Team_Android\AndroidManifest.xml:76:19-70
	android:theme
		ADDED from workspace\F_Team_Android\AndroidManifest.xml:75:19-50
	android:name
		ADDED from workspace\F_Team_Android\AndroidManifest.xml:74:19-68
activity#com.example.Team_Android.MainCampaignActivity
ADDED from workspace\F_Team_Android\AndroidManifest.xml:80:9-91
	android:name
		ADDED from workspace\F_Team_Android\AndroidManifest.xml:80:19-79
activity#com.example.Team_Android.MainPersonActivity
ADDED from workspace\F_Team_Android\AndroidManifest.xml:81:9-90
	android:name
		ADDED from workspace\F_Team_Android\AndroidManifest.xml:81:19-77
activity#com.example.Team_Android.MainCommunityActivity
ADDED from workspace\F_Team_Android\AndroidManifest.xml:82:9-92
	android:name
		ADDED from workspace\F_Team_Android\AndroidManifest.xml:82:19-80
activity#com.example.Team_Android.MainMyselfActivity
ADDED from workspace\F_Team_Android\AndroidManifest.xml:83:9-89
	android:name
		ADDED from workspace\F_Team_Android\AndroidManifest.xml:83:19-77
activity#com.bn.user_myself.user_lianxiwomen
ADDED from workspace\F_Team_Android\AndroidManifest.xml:85:9-81
	android:name
		ADDED from workspace\F_Team_Android\AndroidManifest.xml:85:19-69
activity#com.bn.user_myself.user_shezhi
ADDED from workspace\F_Team_Android\AndroidManifest.xml:86:9-76
	android:name
		ADDED from workspace\F_Team_Android\AndroidManifest.xml:86:19-64
activity#com.bn.user_myself.user_yijianfankui
ADDED from workspace\F_Team_Android\AndroidManifest.xml:87:9-82
	android:name
		ADDED from workspace\F_Team_Android\AndroidManifest.xml:87:19-70
activity#com.bn.user_myself.user_yonghubangzhu
ADDED from workspace\F_Team_Android\AndroidManifest.xml:88:9-83
	android:name
		ADDED from workspace\F_Team_Android\AndroidManifest.xml:88:19-71
activity#com.bn.user_myself.user_denglu
ADDED from workspace\F_Team_Android\AndroidManifest.xml:89:9-76
	android:name
		ADDED from workspace\F_Team_Android\AndroidManifest.xml:89:19-64
activity#com.bn.user_myself.user_zhuce
ADDED from workspace\F_Team_Android\AndroidManifest.xml:90:9-75
	android:name
		ADDED from workspace\F_Team_Android\AndroidManifest.xml:90:19-63
activity#com.bn.user_myself.user_gerenziliao
ADDED from workspace\F_Team_Android\AndroidManifest.xml:91:9-81
	android:name
		ADDED from workspace\F_Team_Android\AndroidManifest.xml:91:19-69
activity#com.bn.user_myself.user_gerenzhongxin
ADDED from workspace\F_Team_Android\AndroidManifest.xml:92:9-83
	android:name
		ADDED from workspace\F_Team_Android\AndroidManifest.xml:92:19-71
activity#com.bn.user_myself.user_zhanghaoguanli
ADDED from workspace\F_Team_Android\AndroidManifest.xml:93:9-84
	android:name
		ADDED from workspace\F_Team_Android\AndroidManifest.xml:93:19-72
activity#com.bn.user_myself.user_xiugaimima
ADDED from workspace\F_Team_Android\AndroidManifest.xml:94:9-80
	android:name
		ADDED from workspace\F_Team_Android\AndroidManifest.xml:94:19-68
activity#com.bn.user_myself.user_genggaidianhua
ADDED from workspace\F_Team_Android\AndroidManifest.xml:95:9-84
	android:name
		ADDED from workspace\F_Team_Android\AndroidManifest.xml:95:19-72
activity#com.bn.user_myself.user_Qr
ADDED from workspace\F_Team_Android\AndroidManifest.xml:96:9-72
	android:name
		ADDED from workspace\F_Team_Android\AndroidManifest.xml:96:19-60
activity#com.bn.user_myself.user_lianxiwomen_qqActivity
ADDED from workspace\F_Team_Android\AndroidManifest.xml:97:9-92
	android:name
		ADDED from workspace\F_Team_Android\AndroidManifest.xml:97:19-80
activity#com.bn.user_myself.user_lianxiwomen_weixinActivity
ADDED from workspace\F_Team_Android\AndroidManifest.xml:98:9-96
	android:name
		ADDED from workspace\F_Team_Android\AndroidManifest.xml:98:19-84
activity#com.bn.user_myself.user_lianxiwomen_weiboActivity
ADDED from workspace\F_Team_Android\AndroidManifest.xml:99:9-95
	android:name
		ADDED from workspace\F_Team_Android\AndroidManifest.xml:99:19-83
activity#com.bn.user_myself.user_lianxiwomen_dianhuaActivity
ADDED from workspace\F_Team_Android\AndroidManifest.xml:100:9-97
	android:name
		ADDED from workspace\F_Team_Android\AndroidManifest.xml:100:19-85
activity#com.bn.user_myself.user_lianxiwomen_youxiangActivity
ADDED from workspace\F_Team_Android\AndroidManifest.xml:101:9-98
	android:name
		ADDED from workspace\F_Team_Android\AndroidManifest.xml:101:19-86
activity#com.bn.community.CommunityDetailActivity
ADDED from workspace\F_Team_Android\AndroidManifest.xml:103:9-86
	android:name
		ADDED from workspace\F_Team_Android\AndroidManifest.xml:103:19-74
activity#com.bn.activity.huodong_sousuo
ADDED from workspace\F_Team_Android\AndroidManifest.xml:105:9-76
	android:name
		ADDED from workspace\F_Team_Android\AndroidManifest.xml:105:19-64
activity#com.bn.activity.HuoDongDetailActivity
ADDED from workspace\F_Team_Android\AndroidManifest.xml:106:9-83
	android:name
		ADDED from workspace\F_Team_Android\AndroidManifest.xml:106:19-71
activity#com.bn.activity.CheckAlbumActivity
ADDED from workspace\F_Team_Android\AndroidManifest.xml:107:9-80
	android:name
		ADDED from workspace\F_Team_Android\AndroidManifest.xml:107:19-68
activity#com.bn.activity.grideActivity
ADDED from workspace\F_Team_Android\AndroidManifest.xml:108:9-75
	android:name
		ADDED from workspace\F_Team_Android\AndroidManifest.xml:108:19-63
activity#com.bn.community.CommunityCharitableActivity
ADDED from workspace\F_Team_Android\AndroidManifest.xml:109:9-90
	android:name
		ADDED from workspace\F_Team_Android\AndroidManifest.xml:109:19-78
activity#com.bn.community.CommunitySportsActivity
ADDED from workspace\F_Team_Android\AndroidManifest.xml:110:9-86
	android:name
		ADDED from workspace\F_Team_Android\AndroidManifest.xml:110:19-74
activity#com.bn.community.CommunityLiteratureActivity
ADDED from workspace\F_Team_Android\AndroidManifest.xml:111:9-90
	android:name
		ADDED from workspace\F_Team_Android\AndroidManifest.xml:111:19-78
activity#com.bn.community.CommunityLearningActivity
ADDED from workspace\F_Team_Android\AndroidManifest.xml:112:9-88
	android:name
		ADDED from workspace\F_Team_Android\AndroidManifest.xml:112:19-76
activity#com.bn.community.CommunityAlbumActivity
ADDED from workspace\F_Team_Android\AndroidManifest.xml:113:9-85
	android:name
		ADDED from workspace\F_Team_Android\AndroidManifest.xml:113:19-73
activity#com.bn.community.CommunityPeopleActivity
ADDED from workspace\F_Team_Android\AndroidManifest.xml:114:9-86
	android:name
		ADDED from workspace\F_Team_Android\AndroidManifest.xml:114:19-74
activity#com.bn.community.CommunityStaffActivity
ADDED from workspace\F_Team_Android\AndroidManifest.xml:115:9-85
	android:name
		ADDED from workspace\F_Team_Android\AndroidManifest.xml:115:19-73
activity#com.bn.community.CommunitySearchActivity
ADDED from workspace\F_Team_Android\AndroidManifest.xml:116:9-86
	android:name
		ADDED from workspace\F_Team_Android\AndroidManifest.xml:116:19-74
activity#com.bn.manage.chengyuanxingming
ADDED from workspace\F_Team_Android\AndroidManifest.xml:117:9-77
	android:name
		ADDED from workspace\F_Team_Android\AndroidManifest.xml:117:19-65
activity#com.bn.manage.guanlichengyuan
ADDED from workspace\F_Team_Android\AndroidManifest.xml:118:10-76
	android:name
		ADDED from workspace\F_Team_Android\AndroidManifest.xml:118:20-64
activity#com.bn.manage.guanlishetuan
ADDED from workspace\F_Team_Android\AndroidManifest.xml:119:11-75
	android:name
		ADDED from workspace\F_Team_Android\AndroidManifest.xml:119:21-63
activity#com.bn.manage.huodonglibiao
ADDED from workspace\F_Team_Android\AndroidManifest.xml:120:12-76
	android:name
		ADDED from workspace\F_Team_Android\AndroidManifest.xml:120:22-64
activity#com.bn.manage.tianjiahuodong
ADDED from workspace\F_Team_Android\AndroidManifest.xml:121:13-78
	android:name
		ADDED from workspace\F_Team_Android\AndroidManifest.xml:121:23-66
activity#com.bn.manage.user_guanli
ADDED from workspace\F_Team_Android\AndroidManifest.xml:122:14-76
	android:name
		ADDED from workspace\F_Team_Android\AndroidManifest.xml:122:24-64
activity#com.bn.manage.user_guanligongneng
ADDED from workspace\F_Team_Android\AndroidManifest.xml:123:15-85
	android:name
		ADDED from workspace\F_Team_Android\AndroidManifest.xml:123:25-73
activity#com.bn.manage.xiugaihuodong
ADDED from workspace\F_Team_Android\AndroidManifest.xml:124:16-80
	android:name
		ADDED from workspace\F_Team_Android\AndroidManifest.xml:124:26-68
activity#com.bn.manage.chakanxiangceActivity
ADDED from workspace\F_Team_Android\AndroidManifest.xml:125:16-88
	android:name
		ADDED from workspace\F_Team_Android\AndroidManifest.xml:125:26-76
activity#com.bn.manage.MainActivity
ADDED from workspace\F_Team_Android\AndroidManifest.xml:126:16-79
	android:name
		ADDED from workspace\F_Team_Android\AndroidManifest.xml:126:26-67
activity#com.bn.manage.xiangcetianjia
ADDED from workspace\F_Team_Android\AndroidManifest.xml:127:16-81
	android:name
		ADDED from workspace\F_Team_Android\AndroidManifest.xml:127:26-69
activity#com.bn.manage.huodongxiangce
ADDED from workspace\F_Team_Android\AndroidManifest.xml:128:16-81
	android:name
		ADDED from workspace\F_Team_Android\AndroidManifest.xml:128:26-69
activity#com.bn.manage.huodongrenyusn
ADDED from workspace\F_Team_Android\AndroidManifest.xml:129:16-81
	android:name
		ADDED from workspace\F_Team_Android\AndroidManifest.xml:129:26-69
activity#com.bn.manage.huodongrenyuandeliebiao
ADDED from workspace\F_Team_Android\AndroidManifest.xml:130:16-90
	android:name
		ADDED from workspace\F_Team_Android\AndroidManifest.xml:130:26-78
activity#com.bn.manage.huodongrenyuandetail
ADDED from workspace\F_Team_Android\AndroidManifest.xml:131:16-87
	android:name
		ADDED from workspace\F_Team_Android\AndroidManifest.xml:131:26-75
activity#com.bn.manage.CaptureActivity
ADDED from workspace\F_Team_Android\AndroidManifest.xml:133:10-139:20
	android:screenOrientation
		ADDED from workspace\F_Team_Android\AndroidManifest.xml:136:13-49
	android:windowSoftInputMode
		ADDED from workspace\F_Team_Android\AndroidManifest.xml:138:13-60
	android:configChanges
		ADDED from workspace\F_Team_Android\AndroidManifest.xml:134:13-63
	android:theme
		ADDED from workspace\F_Team_Android\AndroidManifest.xml:137:13-71
	android:name
		ADDED from workspace\F_Team_Android\AndroidManifest.xml:135:13-57
activity#io.rong.imkit.tools.SelectPictureActivity
ADDED from workspace\F_Team_Android\AndroidManifest.xml:140:10-142:52
	android:screenOrientation
		ADDED from workspace\F_Team_Android\AndroidManifest.xml:142:13-49
	android:name
		ADDED from workspace\F_Team_Android\AndroidManifest.xml:141:13-69
activity#io.rong.imkit.tools.PreviewPictureActivity
ADDED from workspace\F_Team_Android\AndroidManifest.xml:143:9-145:52
	android:screenOrientation
		ADDED from workspace\F_Team_Android\AndroidManifest.xml:145:13-49
	android:name
		ADDED from workspace\F_Team_Android\AndroidManifest.xml:144:13-70
activity#io.rong.imkit.tools.RongWebviewActivity
ADDED from workspace\F_Team_Android\AndroidManifest.xml:146:9-148:52
MERGED from [F_Team_Android:IMKit:unspecified] AndroidManifest.xml:39:9-60:20
	android:screenOrientation
		ADDED from workspace\F_Team_Android\AndroidManifest.xml:148:13-49
	android:name
		ADDED from workspace\F_Team_Android\AndroidManifest.xml:147:13-67
activity#io.rong.imkit.widget.provider.TakingPicturesActivity
ADDED from workspace\F_Team_Android\AndroidManifest.xml:149:9-152:52
MERGED from [F_Team_Android:IMKit:unspecified] AndroidManifest.xml:61:9-64:52
	android:screenOrientation
		ADDED from workspace\F_Team_Android\AndroidManifest.xml:152:13-49
	android:configChanges
		ADDED from workspace\F_Team_Android\AndroidManifest.xml:151:13-63
	android:name
		ADDED from workspace\F_Team_Android\AndroidManifest.xml:150:13-80
activity#com.bn.chat.ConversationActivity
ADDED from workspace\F_Team_Android\AndroidManifest.xml:154:2-166:13
	android:screenOrientation
		ADDED from workspace\F_Team_Android\AndroidManifest.xml:156:6-42
	android:windowSoftInputMode
		ADDED from workspace\F_Team_Android\AndroidManifest.xml:157:6-60
	android:name
		ADDED from workspace\F_Team_Android\AndroidManifest.xml:155:6-53
intent-filter#android.intent.action.VIEW+android.intent.category.DEFAULT
ADDED from workspace\F_Team_Android\AndroidManifest.xml:158:6-165:22
action#android.intent.action.VIEW
ADDED from workspace\F_Team_Android\AndroidManifest.xml:159:10-62
	android:name
		ADDED from workspace\F_Team_Android\AndroidManifest.xml:159:18-59
category#android.intent.category.DEFAULT
ADDED from workspace\F_Team_Android\AndroidManifest.xml:160:10-69
	android:name
		ADDED from workspace\F_Team_Android\AndroidManifest.xml:160:20-66
data
ADDED from workspace\F_Team_Android\AndroidManifest.xml:161:10-164:38
	android:host
		ADDED from workspace\F_Team_Android\AndroidManifest.xml:162:14-45
	android:scheme
		ADDED from workspace\F_Team_Android\AndroidManifest.xml:164:14-35
	android:pathPrefix
		ADDED from workspace\F_Team_Android\AndroidManifest.xml:163:14-49
activity#io.rong.voipkit.activity.CallSideActivity
ADDED from workspace\F_Team_Android\AndroidManifest.xml:167:6-178:20
	android:screenOrientation
		ADDED from workspace\F_Team_Android\AndroidManifest.xml:169:13-49
	android:name
		ADDED from workspace\F_Team_Android\AndroidManifest.xml:168:13-69
activity#io.rong.voipkit.activity.CalledSideActivity
ADDED from workspace\F_Team_Android\AndroidManifest.xml:180:9-195:20
	android:screenOrientation
		ADDED from workspace\F_Team_Android\AndroidManifest.xml:183:13-49
	android:excludeFromRecents
		ADDED from workspace\F_Team_Android\AndroidManifest.xml:182:13-46
	android:name
		ADDED from workspace\F_Team_Android\AndroidManifest.xml:181:13-71
service#io.rong.push.PushService
ADDED from workspace\F_Team_Android\AndroidManifest.xml:196:12-204:19
MERGED from [F_Team_Android:IMKit:unspecified] AndroidManifest.xml:78:9-82:19
	android:process
		ADDED from workspace\F_Team_Android\AndroidManifest.xml:198:13-43
	android:exported
		ADDED from [F_Team_Android:IMKit:unspecified] AndroidManifest.xml:80:13-37
	android:name
		ADDED from workspace\F_Team_Android\AndroidManifest.xml:197:13-52
intent-filter#android.intent.category.DEFAULT+io.rong.push
ADDED from workspace\F_Team_Android\AndroidManifest.xml:199:13-203:29
action#io.rong.push
ADDED from workspace\F_Team_Android\AndroidManifest.xml:202:17-55
	android:name
		ADDED from workspace\F_Team_Android\AndroidManifest.xml:202:25-52
service#io.rong.push.CommandService
ADDED from workspace\F_Team_Android\AndroidManifest.xml:205:9-213:19
	android:process
		ADDED from workspace\F_Team_Android\AndroidManifest.xml:207:13-43
	android:name
		ADDED from workspace\F_Team_Android\AndroidManifest.xml:206:13-55
intent-filter#android.intent.category.DEFAULT+io.rong.command
ADDED from workspace\F_Team_Android\AndroidManifest.xml:208:13-212:29
action#io.rong.command
ADDED from workspace\F_Team_Android\AndroidManifest.xml:211:17-58
	android:name
		ADDED from workspace\F_Team_Android\AndroidManifest.xml:211:25-55
receiver#io.rong.push.PushReceiver
ADDED from workspace\F_Team_Android\AndroidManifest.xml:215:9-236:20
MERGED from [F_Team_Android:IMKit:unspecified] AndroidManifest.xml:88:9-105:20
	android:process
		ADDED from workspace\F_Team_Android\AndroidManifest.xml:217:13-43
	android:name
		ADDED from workspace\F_Team_Android\AndroidManifest.xml:216:13-53
intent-filter#io.rong.imlib.action.push.heartbeat
ADDED from workspace\F_Team_Android\AndroidManifest.xml:218:13-220:29
action#io.rong.imlib.action.push.heartbeat
ADDED from workspace\F_Team_Android\AndroidManifest.xml:219:17-78
	android:name
		ADDED from workspace\F_Team_Android\AndroidManifest.xml:219:25-75
intent-filter#android.net.conn.CONNECTIVITY_CHANGE
ADDED from workspace\F_Team_Android\AndroidManifest.xml:221:13-223:29
action#android.net.conn.CONNECTIVITY_CHANGE
ADDED from workspace\F_Team_Android\AndroidManifest.xml:222:17-79
	android:name
		ADDED from workspace\F_Team_Android\AndroidManifest.xml:222:25-76
intent-filter#android.intent.action.BOOT_COMPLETED
ADDED from workspace\F_Team_Android\AndroidManifest.xml:224:13-226:29
action#android.intent.action.BOOT_COMPLETED
ADDED from workspace\F_Team_Android\AndroidManifest.xml:225:17-79
	android:name
		ADDED from workspace\F_Team_Android\AndroidManifest.xml:225:25-76
intent-filter#android.intent.action.ACTION_POWER_CONNECTED+android.intent.action.ACTION_POWER_DISCONNECTED+android.intent.action.USER_PRESENT
ADDED from workspace\F_Team_Android\AndroidManifest.xml:227:13-231:29
action#android.intent.action.USER_PRESENT
ADDED from workspace\F_Team_Android\AndroidManifest.xml:228:17-77
	android:name
		ADDED from workspace\F_Team_Android\AndroidManifest.xml:228:25-74
action#android.intent.action.ACTION_POWER_CONNECTED
ADDED from workspace\F_Team_Android\AndroidManifest.xml:229:17-87
	android:name
		ADDED from workspace\F_Team_Android\AndroidManifest.xml:229:25-84
action#android.intent.action.ACTION_POWER_DISCONNECTED
ADDED from workspace\F_Team_Android\AndroidManifest.xml:230:17-90
	android:name
		ADDED from workspace\F_Team_Android\AndroidManifest.xml:230:25-87
intent-filter#android.intent.action.PACKAGE_REMOVED
ADDED from workspace\F_Team_Android\AndroidManifest.xml:232:13-235:29
action#android.intent.action.PACKAGE_REMOVED
ADDED from workspace\F_Team_Android\AndroidManifest.xml:233:17-80
	android:name
		ADDED from workspace\F_Team_Android\AndroidManifest.xml:233:25-77
service#io.rong.imlib.ipc.RongService
ADDED from workspace\F_Team_Android\AndroidManifest.xml:238:3-241:19
MERGED from [F_Team_Android:IMKit:unspecified] AndroidManifest.xml:118:9-121:38
	android:process
		ADDED from workspace\F_Team_Android\AndroidManifest.xml:240:13-35
	android:exported
		ADDED from [F_Team_Android:IMKit:unspecified] AndroidManifest.xml:120:13-36
	android:name
		ADDED from workspace\F_Team_Android\AndroidManifest.xml:239:13-57
service#io.rong.imlib.ReConnectService
ADDED from workspace\F_Team_Android\AndroidManifest.xml:242:9-66
MERGED from [F_Team_Android:IMKit:unspecified] AndroidManifest.xml:122:9-66
	android:name
		ADDED from workspace\F_Team_Android\AndroidManifest.xml:242:18-63
receiver#io.rong.imlib.ConnectChangeReceiver
ADDED from workspace\F_Team_Android\AndroidManifest.xml:244:9-72
MERGED from [F_Team_Android:IMKit:unspecified] AndroidManifest.xml:124:9-72
	android:name
		ADDED from workspace\F_Team_Android\AndroidManifest.xml:244:19-69
receiver#io.rong.imlib.ipc.PushMessageReceiver
ADDED from workspace\F_Team_Android\AndroidManifest.xml:245:9-249:20
	android:name
		ADDED from workspace\F_Team_Android\AndroidManifest.xml:245:19-71
intent-filter#io.rong.push.message
ADDED from workspace\F_Team_Android\AndroidManifest.xml:246:13-248:29
action#io.rong.push.message
ADDED from workspace\F_Team_Android\AndroidManifest.xml:247:17-63
	android:name
		ADDED from workspace\F_Team_Android\AndroidManifest.xml:247:25-60
receiver#io.rong.imlib.HeartbeatReceiver
ADDED from workspace\F_Team_Android\AndroidManifest.xml:250:9-252:38